<?xml version="1.0" encoding="UTF-8"?><testrun name="TestRunner (1)" project="Project7" tests="5" started="5" failures="0" errors="4" ignored="3">
  <testsuite name="CucumberTest.TestRunner" time="0.432">
    <testsuite name="Feature: verifying the cucumber" time="0.432">
      <testsuite name="Scenario: login scenario" time="0.112" incomplete="true">
        <error>org.openqa.selenium.WebDriverException: Failed to connect to binary FirefoxBinary(C:\Program Files (x86)\Mozilla Firefox\firefox.exe) on port 7055; process output follows: 
ateKey":null,"optionsURL":null,"optionsType":null,"aboutURL":null,"icons":{"32":"icon.png","48":"icon.png"},"iconURL":null,"icon64URL":null,"defaultLocale":{"name":"Default","description":"The default theme.","creator":"Mozilla","homepageURL":null,"contributors":["Mozilla Contributors"]},"visible":true,"active":true,"userDisabled":false,"appDisabled":false,"descriptor":"C:\\Program Files (x86)\\Mozilla Firefox\\browser\\extensions\\{972ce4c6-7e08-4474-a285-3208198ce6fd}.xpi","installDate":1475119453669,"updateDate":1475119453669,"applyBackgroundUpdates":1,"skinnable":true,"size":21146,"sourceURI":null,"releaseNotesURI":null,"softDisabled":false,"foreignInstall":false,"hasBinaryComponents":false,"strictCompatibility":true,"locales":[],"targetApplications":[{"id":"{ec8030f7-c20a-464f-9b0e-13a3a9e97384}","minVersion":"50.0","maxVersion":"50.0"}],"targetPlatforms":[],"seen":true}&#13;
1478076146667	addons.xpi	DEBUG	getModTime: Recursive scan of {972ce4c6-7e08-4474-a285-3208198ce6fd}&#13;
1478076146668	DeferredSave.extensions.json	DEBUG	Save changes&#13;
1478076146668	addons.xpi	DEBUG	Updating database with changes to installed add-ons&#13;
1478076146668	addons.xpi-utils	DEBUG	Updating add-on states&#13;
1478076146669	addons.xpi-utils	DEBUG	Writing add-ons list&#13;
1478076146672	addons.xpi	DEBUG	Registering manifest for C:\Program Files (x86)\Mozilla Firefox\browser\features\e10srollout@mozilla.org.xpi&#13;
1478076146672	addons.xpi	DEBUG	Calling bootstrap method startup on e10srollout@mozilla.org version 1.4&#13;
1478076146673	addons.xpi	DEBUG	Registering manifest for C:\Program Files (x86)\Mozilla Firefox\browser\features\firefox@getpocket.com.xpi&#13;
1478076146673	addons.xpi	DEBUG	Calling bootstrap method startup on firefox@getpocket.com version 1.0.5&#13;
1478076146674	addons.xpi	DEBUG	Registering manifest for C:\Program Files (x86)\Mozilla Firefox\browser\features\webcompat@mozilla.org.xpi&#13;
1478076146675	addons.xpi	DEBUG	Calling bootstrap method startup on webcompat@mozilla.org version 1.0&#13;
1478076146677	addons.manager	DEBUG	Registering shutdown blocker for XPIProvider&#13;
1478076146677	addons.manager	DEBUG	Provider finished startup: XPIProvider&#13;
1478076146677	addons.manager	DEBUG	Starting provider: LightweightThemeManager&#13;
1478076146677	addons.manager	DEBUG	Registering shutdown blocker for LightweightThemeManager&#13;
1478076146677	addons.manager	DEBUG	Provider finished startup: LightweightThemeManager&#13;
1478076146678	addons.manager	DEBUG	Starting provider: GMPProvider&#13;
1478076146686	addons.manager	DEBUG	Registering shutdown blocker for GMPProvider&#13;
1478076146686	addons.manager	DEBUG	Provider finished startup: GMPProvider&#13;
1478076146686	addons.manager	DEBUG	Starting provider: PluginProvider&#13;
1478076146687	addons.manager	DEBUG	Registering shutdown blocker for PluginProvider&#13;
1478076146687	addons.manager	DEBUG	Provider finished startup: PluginProvider&#13;
1478076146687	addons.manager	DEBUG	Completed startup sequence&#13;
1478076148552	addons.manager	DEBUG	Starting provider: &lt;unnamed-provider&gt;&#13;
1478076148552	addons.manager	DEBUG	Registering shutdown blocker for &lt;unnamed-provider&gt;&#13;
1478076148553	addons.manager	DEBUG	Provider finished startup: &lt;unnamed-provider&gt;&#13;
1478076148826	DeferredSave.extensions.json	DEBUG	Write succeeded&#13;
1478076148826	addons.xpi-utils	DEBUG	XPI Database saved, setting schema version preference to 17&#13;
1478076148826	DeferredSave.extensions.json	DEBUG	Starting timer&#13;
1478076148860	DeferredSave.extensions.json	DEBUG	Starting write&#13;
1478076148870	addons.repository	DEBUG	No addons.json found.&#13;
1478076148871	DeferredSave.addons.json	DEBUG	Save changes&#13;
1478076148887	DeferredSave.addons.json	DEBUG	Starting timer&#13;
1478076148951	addons.manager	DEBUG	Starting provider: PreviousExperimentProvider&#13;
1478076148951	addons.manager	DEBUG	Registering shutdown blocker for PreviousExperimentProvider&#13;
1478076148952	addons.manager	DEBUG	Provider finished startup: PreviousExperimentProvider&#13;
1478076148956	DeferredSave.addons.json	DEBUG	Starting write&#13;
1478076148967	DeferredSave.extensions.json	DEBUG	Write succeeded&#13;
1478076149005	DeferredSave.addons.json	DEBUG	Write succeeded&#13;

Build info: version: '2.53.0', revision: '35ae25b1534ae328c771e0856c93e187490ca824', time: '2016-03-15 10:43:46'
System info: host: 'QEdge-PC', ip: '192.168.233.1', os.name: 'Windows 7', os.arch: 'amd64', os.version: '6.1', java.version: '1.8.0_91'
Driver info: driver.version: FirefoxDriver&#13;
	at org.openqa.selenium.firefox.internal.NewProfileExtensionConnection.start(NewProfileExtensionConnection.java:125)&#13;
	at org.openqa.selenium.firefox.FirefoxDriver.startClient(FirefoxDriver.java:271)&#13;
	at org.openqa.selenium.remote.RemoteWebDriver.&lt;init&gt;(RemoteWebDriver.java:119)&#13;
	at org.openqa.selenium.firefox.FirefoxDriver.&lt;init&gt;(FirefoxDriver.java:216)&#13;
	at org.openqa.selenium.firefox.FirefoxDriver.&lt;init&gt;(FirefoxDriver.java:211)&#13;
	at org.openqa.selenium.firefox.FirefoxDriver.&lt;init&gt;(FirefoxDriver.java:207)&#13;
	at org.openqa.selenium.firefox.FirefoxDriver.&lt;init&gt;(FirefoxDriver.java:120)&#13;
	at StepDefinitions.Login.testGiven(Login.java:18)&#13;
	at âœ½.Given Browser url and credentials(login.feature:26)&#13;
Caused by: org.openqa.selenium.firefox.NotConnectedException: Unable to connect to host 127.0.0.1 on port 7055 after 45000 ms. Firefox console output:
ateKey":null,"optionsURL":null,"optionsType":null,"aboutURL":null,"icons":{"32":"icon.png","48":"icon.png"},"iconURL":null,"icon64URL":null,"defaultLocale":{"name":"Default","description":"The default theme.","creator":"Mozilla","homepageURL":null,"contributors":["Mozilla Contributors"]},"visible":true,"active":true,"userDisabled":false,"appDisabled":false,"descriptor":"C:\\Program Files (x86)\\Mozilla Firefox\\browser\\extensions\\{972ce4c6-7e08-4474-a285-3208198ce6fd}.xpi","installDate":1475119453669,"updateDate":1475119453669,"applyBackgroundUpdates":1,"skinnable":true,"size":21146,"sourceURI":null,"releaseNotesURI":null,"softDisabled":false,"foreignInstall":false,"hasBinaryComponents":false,"strictCompatibility":true,"locales":[],"targetApplications":[{"id":"{ec8030f7-c20a-464f-9b0e-13a3a9e97384}","minVersion":"50.0","maxVersion":"50.0"}],"targetPlatforms":[],"seen":true}&#13;
1478076146667	addons.xpi	DEBUG	getModTime: Recursive scan of {972ce4c6-7e08-4474-a285-3208198ce6fd}&#13;
1478076146668	DeferredSave.extensions.json	DEBUG	Save changes&#13;
1478076146668	addons.xpi	DEBUG	Updating database with changes to installed add-ons&#13;
1478076146668	addons.xpi-utils	DEBUG	Updating add-on states&#13;
1478076146669	addons.xpi-utils	DEBUG	Writing add-ons list&#13;
1478076146672	addons.xpi	DEBUG	Registering manifest for C:\Program Files (x86)\Mozilla Firefox\browser\features\e10srollout@mozilla.org.xpi&#13;
1478076146672	addons.xpi	DEBUG	Calling bootstrap method startup on e10srollout@mozilla.org version 1.4&#13;
1478076146673	addons.xpi	DEBUG	Registering manifest for C:\Program Files (x86)\Mozilla Firefox\browser\features\firefox@getpocket.com.xpi&#13;
1478076146673	addons.xpi	DEBUG	Calling bootstrap method startup on firefox@getpocket.com version 1.0.5&#13;
1478076146674	addons.xpi	DEBUG	Registering manifest for C:\Program Files (x86)\Mozilla Firefox\browser\features\webcompat@mozilla.org.xpi&#13;
1478076146675	addons.xpi	DEBUG	Calling bootstrap method startup on webcompat@mozilla.org version 1.0&#13;
1478076146677	addons.manager	DEBUG	Registering shutdown blocker for XPIProvider&#13;
1478076146677	addons.manager	DEBUG	Provider finished startup: XPIProvider&#13;
1478076146677	addons.manager	DEBUG	Starting provider: LightweightThemeManager&#13;
1478076146677	addons.manager	DEBUG	Registering shutdown blocker for LightweightThemeManager&#13;
1478076146677	addons.manager	DEBUG	Provider finished startup: LightweightThemeManager&#13;
1478076146678	addons.manager	DEBUG	Starting provider: GMPProvider&#13;
1478076146686	addons.manager	DEBUG	Registering shutdown blocker for GMPProvider&#13;
1478076146686	addons.manager	DEBUG	Provider finished startup: GMPProvider&#13;
1478076146686	addons.manager	DEBUG	Starting provider: PluginProvider&#13;
1478076146687	addons.manager	DEBUG	Registering shutdown blocker for PluginProvider&#13;
1478076146687	addons.manager	DEBUG	Provider finished startup: PluginProvider&#13;
1478076146687	addons.manager	DEBUG	Completed startup sequence&#13;
1478076148552	addons.manager	DEBUG	Starting provider: &lt;unnamed-provider&gt;&#13;
1478076148552	addons.manager	DEBUG	Registering shutdown blocker for &lt;unnamed-provider&gt;&#13;
1478076148553	addons.manager	DEBUG	Provider finished startup: &lt;unnamed-provider&gt;&#13;
1478076148826	DeferredSave.extensions.json	DEBUG	Write succeeded&#13;
1478076148826	addons.xpi-utils	DEBUG	XPI Database saved, setting schema version preference to 17&#13;
1478076148826	DeferredSave.extensions.json	DEBUG	Starting timer&#13;
1478076148860	DeferredSave.extensions.json	DEBUG	Starting write&#13;
1478076148870	addons.repository	DEBUG	No addons.json found.&#13;
1478076148871	DeferredSave.addons.json	DEBUG	Save changes&#13;
1478076148887	DeferredSave.addons.json	DEBUG	Starting timer&#13;
1478076148951	addons.manager	DEBUG	Starting provider: PreviousExperimentProvider&#13;
1478076148951	addons.manager	DEBUG	Registering shutdown blocker for PreviousExperimentProvider&#13;
1478076148952	addons.manager	DEBUG	Provider finished startup: PreviousExperimentProvider&#13;
1478076148956	DeferredSave.addons.json	DEBUG	Starting write&#13;
1478076148967	DeferredSave.extensions.json	DEBUG	Write succeeded&#13;
1478076149005	DeferredSave.addons.json	DEBUG	Write succeeded&#13;
&#13;
	at org.openqa.selenium.firefox.internal.NewProfileExtensionConnection.start(NewProfileExtensionConnection.java:113)&#13;
	at org.openqa.selenium.firefox.FirefoxDriver.startClient(FirefoxDriver.java:271)&#13;
	at org.openqa.selenium.remote.RemoteWebDriver.&lt;init&gt;(RemoteWebDriver.java:119)&#13;
	at org.openqa.selenium.firefox.FirefoxDriver.&lt;init&gt;(FirefoxDriver.java:216)&#13;
	at org.openqa.selenium.firefox.FirefoxDriver.&lt;init&gt;(FirefoxDriver.java:211)&#13;
	at org.openqa.selenium.firefox.FirefoxDriver.&lt;init&gt;(FirefoxDriver.java:207)&#13;
	at org.openqa.selenium.firefox.FirefoxDriver.&lt;init&gt;(FirefoxDriver.java:120)&#13;
	at StepDefinitions.Login.testGiven(Login.java:18)&#13;
	at sun.reflect.NativeMethodAccessorImpl.invoke0(Native Method)&#13;
	at sun.reflect.NativeMethodAccessorImpl.invoke(Unknown Source)&#13;
	at sun.reflect.DelegatingMethodAccessorImpl.invoke(Unknown Source)&#13;
	at java.lang.reflect.Method.invoke(Unknown Source)&#13;
	at cucumber.runtime.Utils$1.call(Utils.java:37)&#13;
	at cucumber.runtime.Timeout.timeout(Timeout.java:13)&#13;
	at cucumber.runtime.Utils.invoke(Utils.java:31)&#13;
	at cucumber.runtime.java.JavaStepDefinition.execute(JavaStepDefinition.java:38)&#13;
	at cucumber.runtime.StepDefinitionMatch.runStep(StepDefinitionMatch.java:37)&#13;
	at cucumber.runtime.Runtime.runStep(Runtime.java:299)&#13;
	at cucumber.runtime.model.StepContainer.runStep(StepContainer.java:44)&#13;
	at cucumber.runtime.model.StepContainer.runSteps(StepContainer.java:39)&#13;
	at cucumber.runtime.model.CucumberScenario.run(CucumberScenario.java:44)&#13;
	at cucumber.runtime.junit.ExecutionUnitRunner.run(ExecutionUnitRunner.java:91)&#13;
	at cucumber.runtime.junit.FeatureRunner.runChild(FeatureRunner.java:63)&#13;
	at cucumber.runtime.junit.FeatureRunner.runChild(FeatureRunner.java:18)&#13;
	at org.junit.runners.ParentRunner$3.run(ParentRunner.java:290)&#13;
	at org.junit.runners.ParentRunner$1.schedule(ParentRunner.java:71)&#13;
	at org.junit.runners.ParentRunner.runChildren(ParentRunner.java:288)&#13;
	at org.junit.runners.ParentRunner.access$000(ParentRunner.java:58)&#13;
	at org.junit.runners.ParentRunner$2.evaluate(ParentRunner.java:268)&#13;
	at org.junit.runners.ParentRunner.run(ParentRunner.java:363)&#13;
	at cucumber.runtime.junit.FeatureRunner.run(FeatureRunner.java:70)&#13;
	at cucumber.api.junit.Cucumber.runChild(Cucumber.java:93)&#13;
	at cucumber.api.junit.Cucumber.runChild(Cucumber.java:37)&#13;
	at org.junit.runners.ParentRunner$3.run(ParentRunner.java:290)&#13;
	at org.junit.runners.ParentRunner$1.schedule(ParentRunner.java:71)&#13;
	at org.junit.runners.ParentRunner.runChildren(ParentRunner.java:288)&#13;
	at org.junit.runners.ParentRunner.access$000(ParentRunner.java:58)&#13;
	at org.junit.runners.ParentRunner$2.evaluate(ParentRunner.java:268)&#13;
	at org.junit.runners.ParentRunner.run(ParentRunner.java:363)&#13;
	at cucumber.api.junit.Cucumber.run(Cucumber.java:98)&#13;
	at org.eclipse.jdt.internal.junit4.runner.JUnit4TestReference.run(JUnit4TestReference.java:86)&#13;
	at org.eclipse.jdt.internal.junit.runner.TestExecution.run(TestExecution.java:38)&#13;
	at org.eclipse.jdt.internal.junit.runner.RemoteTestRunner.runTests(RemoteTestRunner.java:459)&#13;
	at org.eclipse.jdt.internal.junit.runner.RemoteTestRunner.runTests(RemoteTestRunner.java:675)&#13;
	at org.eclipse.jdt.internal.junit.runner.RemoteTestRunner.run(RemoteTestRunner.java:382)&#13;
	at org.eclipse.jdt.internal.junit.runner.RemoteTestRunner.main(RemoteTestRunner.java:192)&#13;
&#13;
</error>
        <testcase name="Given Browser url and credentials" classname="Scenario: login scenario" time="0.111">
          <error>org.openqa.selenium.WebDriverException: Failed to connect to binary FirefoxBinary(C:\Program Files (x86)\Mozilla Firefox\firefox.exe) on port 7055; process output follows: 
ateKey":null,"optionsURL":null,"optionsType":null,"aboutURL":null,"icons":{"32":"icon.png","48":"icon.png"},"iconURL":null,"icon64URL":null,"defaultLocale":{"name":"Default","description":"The default theme.","creator":"Mozilla","homepageURL":null,"contributors":["Mozilla Contributors"]},"visible":true,"active":true,"userDisabled":false,"appDisabled":false,"descriptor":"C:\\Program Files (x86)\\Mozilla Firefox\\browser\\extensions\\{972ce4c6-7e08-4474-a285-3208198ce6fd}.xpi","installDate":1475119453669,"updateDate":1475119453669,"applyBackgroundUpdates":1,"skinnable":true,"size":21146,"sourceURI":null,"releaseNotesURI":null,"softDisabled":false,"foreignInstall":false,"hasBinaryComponents":false,"strictCompatibility":true,"locales":[],"targetApplications":[{"id":"{ec8030f7-c20a-464f-9b0e-13a3a9e97384}","minVersion":"50.0","maxVersion":"50.0"}],"targetPlatforms":[],"seen":true}&#13;
1478076146667	addons.xpi	DEBUG	getModTime: Recursive scan of {972ce4c6-7e08-4474-a285-3208198ce6fd}&#13;
1478076146668	DeferredSave.extensions.json	DEBUG	Save changes&#13;
1478076146668	addons.xpi	DEBUG	Updating database with changes to installed add-ons&#13;
1478076146668	addons.xpi-utils	DEBUG	Updating add-on states&#13;
1478076146669	addons.xpi-utils	DEBUG	Writing add-ons list&#13;
1478076146672	addons.xpi	DEBUG	Registering manifest for C:\Program Files (x86)\Mozilla Firefox\browser\features\e10srollout@mozilla.org.xpi&#13;
1478076146672	addons.xpi	DEBUG	Calling bootstrap method startup on e10srollout@mozilla.org version 1.4&#13;
1478076146673	addons.xpi	DEBUG	Registering manifest for C:\Program Files (x86)\Mozilla Firefox\browser\features\firefox@getpocket.com.xpi&#13;
1478076146673	addons.xpi	DEBUG	Calling bootstrap method startup on firefox@getpocket.com version 1.0.5&#13;
1478076146674	addons.xpi	DEBUG	Registering manifest for C:\Program Files (x86)\Mozilla Firefox\browser\features\webcompat@mozilla.org.xpi&#13;
1478076146675	addons.xpi	DEBUG	Calling bootstrap method startup on webcompat@mozilla.org version 1.0&#13;
1478076146677	addons.manager	DEBUG	Registering shutdown blocker for XPIProvider&#13;
1478076146677	addons.manager	DEBUG	Provider finished startup: XPIProvider&#13;
1478076146677	addons.manager	DEBUG	Starting provider: LightweightThemeManager&#13;
1478076146677	addons.manager	DEBUG	Registering shutdown blocker for LightweightThemeManager&#13;
1478076146677	addons.manager	DEBUG	Provider finished startup: LightweightThemeManager&#13;
1478076146678	addons.manager	DEBUG	Starting provider: GMPProvider&#13;
1478076146686	addons.manager	DEBUG	Registering shutdown blocker for GMPProvider&#13;
1478076146686	addons.manager	DEBUG	Provider finished startup: GMPProvider&#13;
1478076146686	addons.manager	DEBUG	Starting provider: PluginProvider&#13;
1478076146687	addons.manager	DEBUG	Registering shutdown blocker for PluginProvider&#13;
1478076146687	addons.manager	DEBUG	Provider finished startup: PluginProvider&#13;
1478076146687	addons.manager	DEBUG	Completed startup sequence&#13;
1478076148552	addons.manager	DEBUG	Starting provider: &lt;unnamed-provider&gt;&#13;
1478076148552	addons.manager	DEBUG	Registering shutdown blocker for &lt;unnamed-provider&gt;&#13;
1478076148553	addons.manager	DEBUG	Provider finished startup: &lt;unnamed-provider&gt;&#13;
1478076148826	DeferredSave.extensions.json	DEBUG	Write succeeded&#13;
1478076148826	addons.xpi-utils	DEBUG	XPI Database saved, setting schema version preference to 17&#13;
1478076148826	DeferredSave.extensions.json	DEBUG	Starting timer&#13;
1478076148860	DeferredSave.extensions.json	DEBUG	Starting write&#13;
1478076148870	addons.repository	DEBUG	No addons.json found.&#13;
1478076148871	DeferredSave.addons.json	DEBUG	Save changes&#13;
1478076148887	DeferredSave.addons.json	DEBUG	Starting timer&#13;
1478076148951	addons.manager	DEBUG	Starting provider: PreviousExperimentProvider&#13;
1478076148951	addons.manager	DEBUG	Registering shutdown blocker for PreviousExperimentProvider&#13;
1478076148952	addons.manager	DEBUG	Provider finished startup: PreviousExperimentProvider&#13;
1478076148956	DeferredSave.addons.json	DEBUG	Starting write&#13;
1478076148967	DeferredSave.extensions.json	DEBUG	Write succeeded&#13;
1478076149005	DeferredSave.addons.json	DEBUG	Write succeeded&#13;

Build info: version: '2.53.0', revision: '35ae25b1534ae328c771e0856c93e187490ca824', time: '2016-03-15 10:43:46'
System info: host: 'QEdge-PC', ip: '192.168.233.1', os.name: 'Windows 7', os.arch: 'amd64', os.version: '6.1', java.version: '1.8.0_91'
Driver info: driver.version: FirefoxDriver&#13;
	at org.openqa.selenium.firefox.internal.NewProfileExtensionConnection.start(NewProfileExtensionConnection.java:125)&#13;
	at org.openqa.selenium.firefox.FirefoxDriver.startClient(FirefoxDriver.java:271)&#13;
	at org.openqa.selenium.remote.RemoteWebDriver.&lt;init&gt;(RemoteWebDriver.java:119)&#13;
	at org.openqa.selenium.firefox.FirefoxDriver.&lt;init&gt;(FirefoxDriver.java:216)&#13;
	at org.openqa.selenium.firefox.FirefoxDriver.&lt;init&gt;(FirefoxDriver.java:211)&#13;
	at org.openqa.selenium.firefox.FirefoxDriver.&lt;init&gt;(FirefoxDriver.java:207)&#13;
	at org.openqa.selenium.firefox.FirefoxDriver.&lt;init&gt;(FirefoxDriver.java:120)&#13;
	at StepDefinitions.Login.testGiven(Login.java:18)&#13;
	at âœ½.Given Browser url and credentials(login.feature:26)&#13;
Caused by: org.openqa.selenium.firefox.NotConnectedException: Unable to connect to host 127.0.0.1 on port 7055 after 45000 ms. Firefox console output:
ateKey":null,"optionsURL":null,"optionsType":null,"aboutURL":null,"icons":{"32":"icon.png","48":"icon.png"},"iconURL":null,"icon64URL":null,"defaultLocale":{"name":"Default","description":"The default theme.","creator":"Mozilla","homepageURL":null,"contributors":["Mozilla Contributors"]},"visible":true,"active":true,"userDisabled":false,"appDisabled":false,"descriptor":"C:\\Program Files (x86)\\Mozilla Firefox\\browser\\extensions\\{972ce4c6-7e08-4474-a285-3208198ce6fd}.xpi","installDate":1475119453669,"updateDate":1475119453669,"applyBackgroundUpdates":1,"skinnable":true,"size":21146,"sourceURI":null,"releaseNotesURI":null,"softDisabled":false,"foreignInstall":false,"hasBinaryComponents":false,"strictCompatibility":true,"locales":[],"targetApplications":[{"id":"{ec8030f7-c20a-464f-9b0e-13a3a9e97384}","minVersion":"50.0","maxVersion":"50.0"}],"targetPlatforms":[],"seen":true}&#13;
1478076146667	addons.xpi	DEBUG	getModTime: Recursive scan of {972ce4c6-7e08-4474-a285-3208198ce6fd}&#13;
1478076146668	DeferredSave.extensions.json	DEBUG	Save changes&#13;
1478076146668	addons.xpi	DEBUG	Updating database with changes to installed add-ons&#13;
1478076146668	addons.xpi-utils	DEBUG	Updating add-on states&#13;
1478076146669	addons.xpi-utils	DEBUG	Writing add-ons list&#13;
1478076146672	addons.xpi	DEBUG	Registering manifest for C:\Program Files (x86)\Mozilla Firefox\browser\features\e10srollout@mozilla.org.xpi&#13;
1478076146672	addons.xpi	DEBUG	Calling bootstrap method startup on e10srollout@mozilla.org version 1.4&#13;
1478076146673	addons.xpi	DEBUG	Registering manifest for C:\Program Files (x86)\Mozilla Firefox\browser\features\firefox@getpocket.com.xpi&#13;
1478076146673	addons.xpi	DEBUG	Calling bootstrap method startup on firefox@getpocket.com version 1.0.5&#13;
1478076146674	addons.xpi	DEBUG	Registering manifest for C:\Program Files (x86)\Mozilla Firefox\browser\features\webcompat@mozilla.org.xpi&#13;
1478076146675	addons.xpi	DEBUG	Calling bootstrap method startup on webcompat@mozilla.org version 1.0&#13;
1478076146677	addons.manager	DEBUG	Registering shutdown blocker for XPIProvider&#13;
1478076146677	addons.manager	DEBUG	Provider finished startup: XPIProvider&#13;
1478076146677	addons.manager	DEBUG	Starting provider: LightweightThemeManager&#13;
1478076146677	addons.manager	DEBUG	Registering shutdown blocker for LightweightThemeManager&#13;
1478076146677	addons.manager	DEBUG	Provider finished startup: LightweightThemeManager&#13;
1478076146678	addons.manager	DEBUG	Starting provider: GMPProvider&#13;
1478076146686	addons.manager	DEBUG	Registering shutdown blocker for GMPProvider&#13;
1478076146686	addons.manager	DEBUG	Provider finished startup: GMPProvider&#13;
1478076146686	addons.manager	DEBUG	Starting provider: PluginProvider&#13;
1478076146687	addons.manager	DEBUG	Registering shutdown blocker for PluginProvider&#13;
1478076146687	addons.manager	DEBUG	Provider finished startup: PluginProvider&#13;
1478076146687	addons.manager	DEBUG	Completed startup sequence&#13;
1478076148552	addons.manager	DEBUG	Starting provider: &lt;unnamed-provider&gt;&#13;
1478076148552	addons.manager	DEBUG	Registering shutdown blocker for &lt;unnamed-provider&gt;&#13;
1478076148553	addons.manager	DEBUG	Provider finished startup: &lt;unnamed-provider&gt;&#13;
1478076148826	DeferredSave.extensions.json	DEBUG	Write succeeded&#13;
1478076148826	addons.xpi-utils	DEBUG	XPI Database saved, setting schema version preference to 17&#13;
1478076148826	DeferredSave.extensions.json	DEBUG	Starting timer&#13;
1478076148860	DeferredSave.extensions.json	DEBUG	Starting write&#13;
1478076148870	addons.repository	DEBUG	No addons.json found.&#13;
1478076148871	DeferredSave.addons.json	DEBUG	Save changes&#13;
1478076148887	DeferredSave.addons.json	DEBUG	Starting timer&#13;
1478076148951	addons.manager	DEBUG	Starting provider: PreviousExperimentProvider&#13;
1478076148951	addons.manager	DEBUG	Registering shutdown blocker for PreviousExperimentProvider&#13;
1478076148952	addons.manager	DEBUG	Provider finished startup: PreviousExperimentProvider&#13;
1478076148956	DeferredSave.addons.json	DEBUG	Starting write&#13;
1478076148967	DeferredSave.extensions.json	DEBUG	Write succeeded&#13;
1478076149005	DeferredSave.addons.json	DEBUG	Write succeeded&#13;
&#13;
	at org.openqa.selenium.firefox.internal.NewProfileExtensionConnection.start(NewProfileExtensionConnection.java:113)&#13;
	at org.openqa.selenium.firefox.FirefoxDriver.startClient(FirefoxDriver.java:271)&#13;
	at org.openqa.selenium.remote.RemoteWebDriver.&lt;init&gt;(RemoteWebDriver.java:119)&#13;
	at org.openqa.selenium.firefox.FirefoxDriver.&lt;init&gt;(FirefoxDriver.java:216)&#13;
	at org.openqa.selenium.firefox.FirefoxDriver.&lt;init&gt;(FirefoxDriver.java:211)&#13;
	at org.openqa.selenium.firefox.FirefoxDriver.&lt;init&gt;(FirefoxDriver.java:207)&#13;
	at org.openqa.selenium.firefox.FirefoxDriver.&lt;init&gt;(FirefoxDriver.java:120)&#13;
	at StepDefinitions.Login.testGiven(Login.java:18)&#13;
	at sun.reflect.NativeMethodAccessorImpl.invoke0(Native Method)&#13;
	at sun.reflect.NativeMethodAccessorImpl.invoke(Unknown Source)&#13;
	at sun.reflect.DelegatingMethodAccessorImpl.invoke(Unknown Source)&#13;
	at java.lang.reflect.Method.invoke(Unknown Source)&#13;
	at cucumber.runtime.Utils$1.call(Utils.java:37)&#13;
	at cucumber.runtime.Timeout.timeout(Timeout.java:13)&#13;
	at cucumber.runtime.Utils.invoke(Utils.java:31)&#13;
	at cucumber.runtime.java.JavaStepDefinition.execute(JavaStepDefinition.java:38)&#13;
	at cucumber.runtime.StepDefinitionMatch.runStep(StepDefinitionMatch.java:37)&#13;
	at cucumber.runtime.Runtime.runStep(Runtime.java:299)&#13;
	at cucumber.runtime.model.StepContainer.runStep(StepContainer.java:44)&#13;
	at cucumber.runtime.model.StepContainer.runSteps(StepContainer.java:39)&#13;
	at cucumber.runtime.model.CucumberScenario.run(CucumberScenario.java:44)&#13;
	at cucumber.runtime.junit.ExecutionUnitRunner.run(ExecutionUnitRunner.java:91)&#13;
	at cucumber.runtime.junit.FeatureRunner.runChild(FeatureRunner.java:63)&#13;
	at cucumber.runtime.junit.FeatureRunner.runChild(FeatureRunner.java:18)&#13;
	at org.junit.runners.ParentRunner$3.run(ParentRunner.java:290)&#13;
	at org.junit.runners.ParentRunner$1.schedule(ParentRunner.java:71)&#13;
	at org.junit.runners.ParentRunner.runChildren(ParentRunner.java:288)&#13;
	at org.junit.runners.ParentRunner.access$000(ParentRunner.java:58)&#13;
	at org.junit.runners.ParentRunner$2.evaluate(ParentRunner.java:268)&#13;
	at org.junit.runners.ParentRunner.run(ParentRunner.java:363)&#13;
	at cucumber.runtime.junit.FeatureRunner.run(FeatureRunner.java:70)&#13;
	at cucumber.api.junit.Cucumber.runChild(Cucumber.java:93)&#13;
	at cucumber.api.junit.Cucumber.runChild(Cucumber.java:37)&#13;
	at org.junit.runners.ParentRunner$3.run(ParentRunner.java:290)&#13;
	at org.junit.runners.ParentRunner$1.schedule(ParentRunner.java:71)&#13;
	at org.junit.runners.ParentRunner.runChildren(ParentRunner.java:288)&#13;
	at org.junit.runners.ParentRunner.access$000(ParentRunner.java:58)&#13;
	at org.junit.runners.ParentRunner$2.evaluate(ParentRunner.java:268)&#13;
	at org.junit.runners.ParentRunner.run(ParentRunner.java:363)&#13;
	at cucumber.api.junit.Cucumber.run(Cucumber.java:98)&#13;
	at org.eclipse.jdt.internal.junit4.runner.JUnit4TestReference.run(JUnit4TestReference.java:86)&#13;
	at org.eclipse.jdt.internal.junit.runner.TestExecution.run(TestExecution.java:38)&#13;
	at org.eclipse.jdt.internal.junit.runner.RemoteTestRunner.runTests(RemoteTestRunner.java:459)&#13;
	at org.eclipse.jdt.internal.junit.runner.RemoteTestRunner.runTests(RemoteTestRunner.java:675)&#13;
	at org.eclipse.jdt.internal.junit.runner.RemoteTestRunner.run(RemoteTestRunner.java:382)&#13;
	at org.eclipse.jdt.internal.junit.runner.RemoteTestRunner.main(RemoteTestRunner.java:192)&#13;
&#13;
</error>
        </testcase>
        <testcase name="When we enter credentials" classname="Scenario: login scenario" time="0.003" ignored="true"/>
        <testcase name="Then login should be successful" classname="Scenario: login scenario" time="0.002" ignored="true"/>
      </testsuite>
      <testsuite name="Scenario: logout scenario" time="0.001" incomplete="true">
        <error>java.lang.NullPointerException&#13;
	at StepDefinitions.Login.testWhen2(Login.java:46)&#13;
	at âœ½.When we clicked on logout button(login.feature:35)&#13;
&#13;
</error>
        <testcase name="When we clicked on logout button" classname="Scenario: logout scenario" time="0.001">
          <error>java.lang.NullPointerException&#13;
	at StepDefinitions.Login.testWhen2(Login.java:46)&#13;
	at âœ½.When we clicked on logout button(login.feature:35)&#13;
&#13;
</error>
        </testcase>
        <testcase name="Then logout should be successful" classname="Scenario: logout scenario" time="0.213" ignored="true"/>
      </testsuite>
    </testsuite>
  </testsuite>
</testrun>
